1586858650505	mozrunner::runner	INFO	Running command: "/usr/bin/firefox" "-marionette" "-foreground" "-no-remote" "-profile" "/tmp/rust_mozprofilekz6ysJ"
1586858651122	addons.webextension.doh-rollout@mozilla.org	WARN	Loading extension 'doh-rollout@mozilla.org': Reading manifest: Invalid extension permission: networkStatus
1586858651976	addons.webextension.screenshots@mozilla.org	WARN	Loading extension 'screenshots@mozilla.org': Reading manifest: Invalid extension permission: mozillaAddons
1586858651976	addons.webextension.screenshots@mozilla.org	WARN	Loading extension 'screenshots@mozilla.org': Reading manifest: Invalid extension permission: telemetry
1586858651976	addons.webextension.screenshots@mozilla.org	WARN	Loading extension 'screenshots@mozilla.org': Reading manifest: Invalid extension permission: resource://pdf.js/
1586858651976	addons.webextension.screenshots@mozilla.org	WARN	Loading extension 'screenshots@mozilla.org': Reading manifest: Invalid extension permission: about:reader*
1586858654573	Marionette	INFO	Listening on port 36931
1586858654615	Marionette	WARN	TLS certificate errors will be ignored for this session
JavaScript error: resource://gre/actors/SelectChild.jsm, line 98: TypeError: this.element is null
JavaScript error: resource://gre/actors/SelectChild.jsm, line 98: TypeError: this.element is null
JavaScript error: resource://gre/actors/SelectChild.jsm, line 98: TypeError: this.element is null
JavaScript error: resource://gre/actors/SelectChild.jsm, line 98: TypeError: this.element is null
JavaScript error: resource://gre/actors/SelectChild.jsm, line 98: TypeError: this.element is null
JavaScript error: resource://gre/actors/SelectChild.jsm, line 98: TypeError: this.element is null
JavaScript error: resource://gre/actors/SelectChild.jsm, line 98: TypeError: this.element is null
JavaScript error: resource://gre/actors/SelectChild.jsm, line 98: TypeError: this.element is null
JavaScript error: resource://gre/actors/SelectChild.jsm, line 98: TypeError: this.element is null
JavaScript error: resource://gre/actors/SelectChild.jsm, line 98: TypeError: this.element is null
JavaScript error: resource://gre/actors/SelectChild.jsm, line 98: TypeError: this.element is null
JavaScript error: resource://gre/actors/SelectChild.jsm, line 98: TypeError: this.element is null
JavaScript error: resource://gre/actors/SelectChild.jsm, line 98: TypeError: this.element is null
JavaScript error: resource://gre/actors/SelectChild.jsm, line 98: TypeError: this.element is null
JavaScript error: resource://gre/actors/SelectChild.jsm, line 98: TypeError: this.element is null
JavaScript error: resource://gre/actors/SelectChild.jsm, line 98: TypeError: this.element is null
JavaScript error: resource://gre/actors/SelectChild.jsm, line 98: TypeError: this.element is null
JavaScript error: resource://gre/actors/SelectChild.jsm, line 98: TypeError: this.element is null
JavaScript error: resource://gre/actors/SelectChild.jsm, line 98: TypeError: this.element is null
JavaScript error: resource://gre/modules/XULStore.jsm, line 66: Error: Can't find profile directory.
1586863183863	Marionette	INFO	Stopped listening on port 36931
1586863186032	mozrunner::runner	INFO	Running command: "/usr/bin/firefox" "-marionette" "-foreground" "-no-remote" "-profile" "/tmp/rust_mozprofilezETlwI"
1586863186516	addons.webextension.doh-rollout@mozilla.org	WARN	Loading extension 'doh-rollout@mozilla.org': Reading manifest: Invalid extension permission: networkStatus
1586863187407	addons.webextension.screenshots@mozilla.org	WARN	Loading extension 'screenshots@mozilla.org': Reading manifest: Invalid extension permission: mozillaAddons
1586863187407	addons.webextension.screenshots@mozilla.org	WARN	Loading extension 'screenshots@mozilla.org': Reading manifest: Invalid extension permission: telemetry
1586863187407	addons.webextension.screenshots@mozilla.org	WARN	Loading extension 'screenshots@mozilla.org': Reading manifest: Invalid extension permission: resource://pdf.js/
1586863187407	addons.webextension.screenshots@mozilla.org	WARN	Loading extension 'screenshots@mozilla.org': Reading manifest: Invalid extension permission: about:reader*
1586863189149	Marionette	INFO	Listening on port 37233
1586863189243	Marionette	WARN	TLS certificate errors will be ignored for this session
JavaScript error: resource://gre/modules/XULStore.jsm, line 66: Error: Can't find profile directory.
JavaScript error: resource://gre/actors/SelectChild.jsm, line 98: TypeError: this.element is null
JavaScript error: resource://gre/actors/SelectChild.jsm, line 98: TypeError: this.element is null
JavaScript error: resource://gre/actors/SelectChild.jsm, line 98: TypeError: this.element is null
JavaScript error: resource://gre/actors/SelectChild.jsm, line 98: TypeError: this.element is null
JavaScript error: resource://gre/actors/SelectChild.jsm, line 98: TypeError: this.element is null
JavaScript error: resource://gre/actors/SelectChild.jsm, line 98: TypeError: this.element is null
JavaScript error: resource://gre/actors/SelectChild.jsm, line 98: TypeError: this.element is null
JavaScript error: resource://gre/actors/SelectChild.jsm, line 98: TypeError: this.element is null
JavaScript error: resource://gre/actors/SelectChild.jsm, line 98: TypeError: this.element is null
JavaScript error: resource://gre/actors/SelectChild.jsm, line 98: TypeError: this.element is null
JavaScript error: resource://gre/actors/SelectChild.jsm, line 98: TypeError: this.element is null
JavaScript error: resource://gre/actors/SelectChild.jsm, line 98: TypeError: this.element is null
JavaScript error: resource://gre/actors/SelectChild.jsm, line 98: TypeError: this.element is null
JavaScript error: resource://gre/actors/SelectChild.jsm, line 98: TypeError: this.element is null
JavaScript error: resource://gre/actors/SelectChild.jsm, line 98: TypeError: this.element is null
JavaScript error: resource://gre/actors/SelectChild.jsm, line 98: TypeError: this.element is null
JavaScript error: resource://gre/actors/SelectChild.jsm, line 98: TypeError: this.element is null
JavaScript error: resource://gre/actors/SelectChild.jsm, line 98: TypeError: this.element is null
JavaScript error: resource://gre/actors/SelectChild.jsm, line 98: TypeError: this.element is null

###!!! [Child][RunMessage] Error: Channel closing: too late to send/recv, messages will be lost


###!!! [Child][RunMessage] Error: Channel closing: too late to send/recv, messages will be lost


###!!! [Child][RunMessage] Error: Channel closing: too late to send/recv, messages will be lost


###!!! [Child][RunMessage] Error: Channel closing: too late to send/recv, messages will be lost

JavaScript error: , line 0: UnknownError: The operation failed for reasons unrelated to the database itself and not covered by any other error code.
1586864457177	Marionette	INFO	Stopped listening on port 37233
1586864460858	mozrunner::runner	INFO	Running command: "/usr/bin/firefox" "-marionette" "-foreground" "-no-remote" "-profile" "/tmp/rust_mozprofileLfrxKO"
1586864461329	addons.webextension.doh-rollout@mozilla.org	WARN	Loading extension 'doh-rollout@mozilla.org': Reading manifest: Invalid extension permission: networkStatus
1586864462188	addons.webextension.screenshots@mozilla.org	WARN	Loading extension 'screenshots@mozilla.org': Reading manifest: Invalid extension permission: mozillaAddons
1586864462188	addons.webextension.screenshots@mozilla.org	WARN	Loading extension 'screenshots@mozilla.org': Reading manifest: Invalid extension permission: telemetry
1586864462188	addons.webextension.screenshots@mozilla.org	WARN	Loading extension 'screenshots@mozilla.org': Reading manifest: Invalid extension permission: resource://pdf.js/
1586864462188	addons.webextension.screenshots@mozilla.org	WARN	Loading extension 'screenshots@mozilla.org': Reading manifest: Invalid extension permission: about:reader*
1586864463669	Marionette	INFO	Listening on port 36439
1586864463770	Marionette	WARN	TLS certificate errors will be ignored for this session
JavaScript error: resource://gre/modules/XULStore.jsm, line 66: Error: Can't find profile directory.
JavaScript error: resource://gre/actors/SelectChild.jsm, line 98: TypeError: this.element is null
JavaScript error: resource://gre/actors/SelectChild.jsm, line 98: TypeError: this.element is null
JavaScript error: resource://gre/actors/SelectChild.jsm, line 98: TypeError: this.element is null
JavaScript error: resource://gre/actors/SelectChild.jsm, line 98: TypeError: this.element is null
JavaScript error: resource://gre/actors/SelectChild.jsm, line 98: TypeError: this.element is null
JavaScript error: resource://gre/actors/SelectChild.jsm, line 98: TypeError: this.element is null
JavaScript error: resource://gre/actors/SelectChild.jsm, line 98: TypeError: this.element is null
JavaScript error: resource://gre/actors/SelectChild.jsm, line 98: TypeError: this.element is null
JavaScript error: resource://gre/actors/SelectChild.jsm, line 98: TypeError: this.element is null
JavaScript error: resource://gre/actors/SelectChild.jsm, line 98: TypeError: this.element is null
JavaScript error: resource://gre/actors/SelectChild.jsm, line 98: TypeError: this.element is null
JavaScript error: resource://gre/actors/SelectChild.jsm, line 98: TypeError: this.element is null
JavaScript error: resource://gre/actors/SelectChild.jsm, line 98: TypeError: this.element is null
JavaScript error: resource://gre/actors/SelectChild.jsm, line 98: TypeError: this.element is null
JavaScript error: resource://gre/actors/SelectChild.jsm, line 98: TypeError: this.element is null
JavaScript error: resource://gre/actors/SelectChild.jsm, line 98: TypeError: this.element is null
JavaScript error: resource://gre/actors/SelectChild.jsm, line 98: TypeError: this.element is null
JavaScript error: resource://gre/actors/SelectChild.jsm, line 98: TypeError: this.element is null
JavaScript error: resource://gre/actors/SelectChild.jsm, line 98: TypeError: this.element is null
JavaScript error: , line 0: UnknownError: The operation failed for reasons unrelated to the database itself and not covered by any other error code.
1586864682934	Marionette	INFO	Stopped listening on port 36439
1587012151906	mozrunner::runner	INFO	Running command: "/usr/bin/firefox" "-marionette" "-foreground" "-no-remote" "-profile" "/tmp/rust_mozprofileJYOmcc"
1587012152497	addons.webextension.doh-rollout@mozilla.org	WARN	Loading extension 'doh-rollout@mozilla.org': Reading manifest: Invalid extension permission: networkStatus
1587012153342	addons.webextension.screenshots@mozilla.org	WARN	Loading extension 'screenshots@mozilla.org': Reading manifest: Invalid extension permission: mozillaAddons
1587012153342	addons.webextension.screenshots@mozilla.org	WARN	Loading extension 'screenshots@mozilla.org': Reading manifest: Invalid extension permission: telemetry
1587012153342	addons.webextension.screenshots@mozilla.org	WARN	Loading extension 'screenshots@mozilla.org': Reading manifest: Invalid extension permission: resource://pdf.js/
1587012153342	addons.webextension.screenshots@mozilla.org	WARN	Loading extension 'screenshots@mozilla.org': Reading manifest: Invalid extension permission: about:reader*
1587012155708	Marionette	INFO	Listening on port 38972
1587012155768	Marionette	WARN	TLS certificate errors will be ignored for this session
JavaScript error: resource://gre/actors/SelectChild.jsm, line 98: TypeError: this.element is null
JavaScript error: resource://gre/actors/SelectChild.jsm, line 98: TypeError: this.element is null
JavaScript error: resource://gre/actors/SelectChild.jsm, line 98: TypeError: this.element is null
JavaScript error: resource://gre/actors/SelectChild.jsm, line 98: TypeError: this.element is null
JavaScript error: resource://gre/actors/SelectChild.jsm, line 98: TypeError: this.element is null
JavaScript error: resource://gre/actors/SelectChild.jsm, line 98: TypeError: this.element is null
JavaScript error: resource://gre/actors/SelectChild.jsm, line 98: TypeError: this.element is null
JavaScript error: resource://gre/actors/SelectChild.jsm, line 98: TypeError: this.element is null
JavaScript error: resource://gre/actors/SelectChild.jsm, line 98: TypeError: this.element is null
JavaScript error: resource://gre/actors/SelectChild.jsm, line 98: TypeError: this.element is null
JavaScript error: resource://gre/actors/SelectChild.jsm, line 98: TypeError: this.element is null
JavaScript error: resource://gre/actors/SelectChild.jsm, line 98: TypeError: this.element is null
JavaScript error: resource://gre/actors/SelectChild.jsm, line 98: TypeError: this.element is null
JavaScript error: resource://gre/actors/SelectChild.jsm, line 98: TypeError: this.element is null
JavaScript error: resource://gre/actors/SelectChild.jsm, line 98: TypeError: this.element is null
JavaScript error: resource://gre/actors/SelectChild.jsm, line 98: TypeError: this.element is null
JavaScript error: resource://gre/actors/SelectChild.jsm, line 98: TypeError: this.element is null
JavaScript error: resource://gre/actors/SelectChild.jsm, line 98: TypeError: this.element is null
JavaScript error: resource://gre/actors/SelectChild.jsm, line 98: TypeError: this.element is null
JavaScript error: resource://gre/actors/SelectChild.jsm, line 98: TypeError: this.element is null
JavaScript error: resource://gre/actors/SelectChild.jsm, line 98: TypeError: this.element is null
JavaScript error: resource://gre/actors/SelectChild.jsm, line 98: TypeError: this.element is null
JavaScript error: resource://gre/actors/SelectChild.jsm, line 98: TypeError: this.element is null
JavaScript error: resource://gre/actors/SelectChild.jsm, line 98: TypeError: this.element is null
JavaScript error: resource://gre/actors/SelectChild.jsm, line 98: TypeError: this.element is null
JavaScript error: resource://gre/actors/SelectChild.jsm, line 98: TypeError: this.element is null
JavaScript error: resource://gre/actors/SelectChild.jsm, line 98: TypeError: this.element is null
JavaScript error: resource://gre/actors/SelectChild.jsm, line 98: TypeError: this.element is null
JavaScript error: resource://gre/actors/SelectChild.jsm, line 98: TypeError: this.element is null
JavaScript error: resource://gre/actors/SelectChild.jsm, line 98: TypeError: this.element is null
1587013611699	Marionette	WARN	TimedPromise timed out after 500 ms: stacktrace:
TimedPromise/<@chrome://marionette/content/sync.js:244:13
TimedPromise@chrome://marionette/content/sync.js:229:10
interaction.flushEventLoop@chrome://marionette/content/interaction.js:416:10
webdriverClickElement@chrome://marionette/content/interaction.js:182:31
JavaScript error: resource://gre/actors/SelectChild.jsm, line 98: TypeError: this.element is null
JavaScript error: resource://gre/actors/SelectChild.jsm, line 98: TypeError: this.element is null
JavaScript error: resource://gre/actors/SelectChild.jsm, line 98: TypeError: this.element is null
1587013663769	Marionette	WARN	TimedPromise timed out after 500 ms: stacktrace:
TimedPromise/<@chrome://marionette/content/sync.js:244:13
TimedPromise@chrome://marionette/content/sync.js:229:10
interaction.flushEventLoop@chrome://marionette/content/interaction.js:416:10
webdriverClickElement@chrome://marionette/content/interaction.js:182:31
JavaScript error: resource://gre/actors/SelectChild.jsm, line 98: TypeError: this.element is null
JavaScript error: resource://gre/actors/SelectChild.jsm, line 98: TypeError: this.element is null
JavaScript error: resource://gre/actors/SelectChild.jsm, line 98: TypeError: this.element is null
JavaScript error: resource://gre/actors/SelectChild.jsm, line 98: TypeError: this.element is null
JavaScript error: resource://gre/actors/SelectChild.jsm, line 98: TypeError: this.element is null
1587030487020	mozrunner::runner	INFO	Running command: "/usr/bin/firefox" "-marionette" "-foreground" "-no-remote" "-profile" "/tmp/rust_mozprofileQt995h"
1587030487445	addons.webextension.doh-rollout@mozilla.org	WARN	Loading extension 'doh-rollout@mozilla.org': Reading manifest: Invalid extension permission: networkStatus
1587030488284	addons.webextension.screenshots@mozilla.org	WARN	Loading extension 'screenshots@mozilla.org': Reading manifest: Invalid extension permission: mozillaAddons
1587030488284	addons.webextension.screenshots@mozilla.org	WARN	Loading extension 'screenshots@mozilla.org': Reading manifest: Invalid extension permission: telemetry
1587030488284	addons.webextension.screenshots@mozilla.org	WARN	Loading extension 'screenshots@mozilla.org': Reading manifest: Invalid extension permission: resource://pdf.js/
1587030488284	addons.webextension.screenshots@mozilla.org	WARN	Loading extension 'screenshots@mozilla.org': Reading manifest: Invalid extension permission: about:reader*
1587030489758	Marionette	INFO	Listening on port 43763
1587030489835	Marionette	WARN	TLS certificate errors will be ignored for this session
1587030492795	Marionette	INFO	Stopped listening on port 38972
SourceActor threw an exception: [Exception... "Component returned failure code: 0x80470002 (NS_BASE_STREAM_CLOSED) [nsIInputStream.available]"  nsresult: "0x80470002 (NS_BASE_STREAM_CLOSED)"  location: "JS frame :: resource://devtools/shared/DevToolsUtils.js :: onResponse :: line 579"  data: no]
Stack: onResponse@resource://devtools/shared/DevToolsUtils.js:579:34
onStopRequest@resource://gre/modules/NetUtil.jsm:128:18
Line: 579, column: 0
console.error: ({})
JavaScript error: resource://devtools/shared/DevToolsUtils.js, line 579: NS_BASE_STREAM_CLOSED: Component returned failure code: 0x80470002 (NS_BASE_STREAM_CLOSED) [nsIInputStream.available]
SourceActor threw an exception: [Exception... "Component returned failure code: 0x80470002 (NS_BASE_STREAM_CLOSED) [nsIInputStream.available]"  nsresult: "0x80470002 (NS_BASE_STREAM_CLOSED)"  location: "JS frame :: resource://devtools/shared/DevToolsUtils.js :: onResponse :: line 579"  data: no]
Stack: onResponse@resource://devtools/shared/DevToolsUtils.js:579:34
onStopRequest@resource://gre/modules/NetUtil.jsm:128:18
Line: 579, column: 0
console.error: ({})
JavaScript error: resource://devtools/shared/DevToolsUtils.js, line 579: NS_BASE_STREAM_CLOSED: Component returned failure code: 0x80470002 (NS_BASE_STREAM_CLOSED) [nsIInputStream.available]
JavaScript error: chrome://marionette/content/driver.js, line 1377: TypeError: WeakMap key must be an object, got browser.permanentKey
1587030533258	Marionette	ERROR	[35] No reply from Marionette:Register
1587030534219	Marionette	ERROR	[37] No reply from Marionette:Register
1587030534303	Marionette	ERROR	[39] No reply from Marionette:Register
SourceActor threw an exception: [Exception... "Component returned failure code: 0x80470002 (NS_BASE_STREAM_CLOSED) [nsIInputStream.available]"  nsresult: "0x80470002 (NS_BASE_STREAM_CLOSED)"  location: "JS frame :: resource://devtools/shared/DevToolsUtils.js :: onResponse :: line 579"  data: no]
Stack: onResponse@resource://devtools/shared/DevToolsUtils.js:579:34
onStopRequest@resource://gre/modules/NetUtil.jsm:128:18
Line: 579, column: 0
console.error: ({})
JavaScript error: resource://devtools/shared/DevToolsUtils.js, line 579: NS_BASE_STREAM_CLOSED: Component returned failure code: 0x80470002 (NS_BASE_STREAM_CLOSED) [nsIInputStream.available]
SourceActor threw an exception: [Exception... "Component returned failure code: 0x80470002 (NS_BASE_STREAM_CLOSED) [nsIInputStream.available]"  nsresult: "0x80470002 (NS_BASE_STREAM_CLOSED)"  location: "JS frame :: resource://devtools/shared/DevToolsUtils.js :: onResponse :: line 579"  data: no]
Stack: onResponse@resource://devtools/shared/DevToolsUtils.js:579:34
onStopRequest@resource://gre/modules/NetUtil.jsm:128:18
Line: 579, column: 0
console.error: ({})
JavaScript error: resource://devtools/shared/DevToolsUtils.js, line 579: NS_BASE_STREAM_CLOSED: Component returned failure code: 0x80470002 (NS_BASE_STREAM_CLOSED) [nsIInputStream.available]
IPDL protocol error: Handler returned error code!

###!!! [Parent][DispatchAsyncMessage] Error: PLayerTransaction::Msg_ReleaseLayer Processing error: message was deserialized, but the handler returned false (indicating failure)

IPDL protocol error: Handler returned error code!

###!!! [Parent][DispatchAsyncMessage] Error: PLayerTransaction::Msg_ReleaseLayer Processing error: message was deserialized, but the handler returned false (indicating failure)

IPDL protocol error: Handler returned error code!

###!!! [Parent][DispatchAsyncMessage] Error: PLayerTransaction::Msg_ReleaseLayer Processing error: message was deserialized, but the handler returned false (indicating failure)

JavaScript error: , line 0: UnknownError: The operation failed for reasons unrelated to the database itself and not covered by any other error code.
1587031714155	Marionette	INFO	Stopped listening on port 43763
1587031771182	mozrunner::runner	INFO	Running command: "/usr/bin/firefox" "-marionette" "-foreground" "-no-remote" "-profile" "/tmp/rust_mozprofilefrW5Cl"
1587031771608	addons.webextension.doh-rollout@mozilla.org	WARN	Loading extension 'doh-rollout@mozilla.org': Reading manifest: Invalid extension permission: networkStatus
1587031772414	addons.webextension.screenshots@mozilla.org	WARN	Loading extension 'screenshots@mozilla.org': Reading manifest: Invalid extension permission: mozillaAddons
1587031772414	addons.webextension.screenshots@mozilla.org	WARN	Loading extension 'screenshots@mozilla.org': Reading manifest: Invalid extension permission: telemetry
1587031772414	addons.webextension.screenshots@mozilla.org	WARN	Loading extension 'screenshots@mozilla.org': Reading manifest: Invalid extension permission: resource://pdf.js/
1587031772414	addons.webextension.screenshots@mozilla.org	WARN	Loading extension 'screenshots@mozilla.org': Reading manifest: Invalid extension permission: about:reader*
1587031773906	Marionette	INFO	Listening on port 38103
1587031773989	Marionette	WARN	TLS certificate errors will be ignored for this session
console.error: "Error while calling actor 'layout's method 'getGrids'" "node is null"
console.error: "getGrids@resource://devtools/server/actors/layout.js:502:26\ngetGrids@resource://devtools/server/actors/layout.js:507:43\nhandler@resource://devtools/shared/protocol/Actor.js:154:37\nonPacket@resource://devtools/server/debugger-server-connection.js:380:58\nreceiveMessage@resource://devtools/shared/transport/child-transport.js:66:16\n"

###!!! [Child][RunMessage] Error: Channel closing: too late to send/recv, messages will be lost

JavaScript error: , line 0: UnknownError: The operation failed for reasons unrelated to the database itself and not covered by any other error code.
1587033096541	Marionette	INFO	Stopped listening on port 38103
1587201076359	mozrunner::runner	INFO	Running command: "/usr/bin/firefox" "-marionette" "-foreground" "-no-remote" "-profile" "/tmp/rust_mozprofileFY97Au"
1587201077079	addons.webextension.doh-rollout@mozilla.org	WARN	Loading extension 'doh-rollout@mozilla.org': Reading manifest: Invalid extension permission: networkStatus
1587201077957	addons.webextension.screenshots@mozilla.org	WARN	Loading extension 'screenshots@mozilla.org': Reading manifest: Invalid extension permission: mozillaAddons
1587201077957	addons.webextension.screenshots@mozilla.org	WARN	Loading extension 'screenshots@mozilla.org': Reading manifest: Invalid extension permission: telemetry
1587201077958	addons.webextension.screenshots@mozilla.org	WARN	Loading extension 'screenshots@mozilla.org': Reading manifest: Invalid extension permission: resource://pdf.js/
1587201077958	addons.webextension.screenshots@mozilla.org	WARN	Loading extension 'screenshots@mozilla.org': Reading manifest: Invalid extension permission: about:reader*
1587201080679	Marionette	INFO	Listening on port 34713
1587201080721	Marionette	WARN	TLS certificate errors will be ignored for this session
console.error: "Error while calling actor 'layout's method 'getGrids'" "node is null"
console.error: "getGrids@resource://devtools/server/actors/layout.js:502:26\ngetGrids@resource://devtools/server/actors/layout.js:507:43\nhandler@resource://devtools/shared/protocol/Actor.js:154:37\nonPacket@resource://devtools/server/debugger-server-connection.js:380:58\nreceiveMessage@resource://devtools/shared/transport/child-transport.js:66:16\n"
JavaScript error: https://www.rexegg.com/regex-quickstart.html, line 56: TypeError: document.getElementById(...) is null
JavaScript error: https://www.rexegg.com/regex-quickstart.html, line 56: TypeError: document.getElementById(...) is null
JavaScript error: https://www.rexegg.com/regex-quickstart.html, line 56: TypeError: document.getElementById(...) is null
console.error: "Error while calling actor 'pagestyle's method 'getApplied'" "node is null"
console.error: "getApplied@resource://devtools/server/actors/styles.js:587:5\nhandler@resource://devtools/shared/protocol/Actor.js:154:37\nonPacket@resource://devtools/server/debugger-server-connection.js:380:58\nreceiveMessage@resource://devtools/shared/transport/child-transport.js:66:16\n"
JavaScript error: , line 0: uncaught exception: undefined
SourceActor threw an exception: [Exception... "Component returned failure code: 0x80470002 (NS_BASE_STREAM_CLOSED) [nsIInputStream.available]"  nsresult: "0x80470002 (NS_BASE_STREAM_CLOSED)"  location: "JS frame :: resource://devtools/shared/DevToolsUtils.js :: onResponse :: line 579"  data: no]
Stack: onResponse@resource://devtools/shared/DevToolsUtils.js:579:34
onStopRequest@resource://gre/modules/NetUtil.jsm:128:18
Line: 579, column: 0
console.error: ({})
JavaScript error: resource://devtools/shared/DevToolsUtils.js, line 579: NS_BASE_STREAM_CLOSED: Component returned failure code: 0x80470002 (NS_BASE_STREAM_CLOSED) [nsIInputStream.available]
SourceActor threw an exception: [Exception... "Component returned failure code: 0x80470002 (NS_BASE_STREAM_CLOSED) [nsIInputStream.available]"  nsresult: "0x80470002 (NS_BASE_STREAM_CLOSED)"  location: "JS frame :: resource://devtools/shared/DevToolsUtils.js :: onResponse :: line 579"  data: no]
Stack: onResponse@resource://devtools/shared/DevToolsUtils.js:579:34
onStopRequest@resource://gre/modules/NetUtil.jsm:128:18
Line: 579, column: 0
console.error: ({})
JavaScript error: resource://devtools/shared/DevToolsUtils.js, line 579: NS_BASE_STREAM_CLOSED: Component returned failure code: 0x80470002 (NS_BASE_STREAM_CLOSED) [nsIInputStream.available]
console.error: "Error while calling actor 'pagestyle's method 'getApplied'" "node is null"
console.error: "getApplied@resource://devtools/server/actors/styles.js:587:5\nhandler@resource://devtools/shared/protocol/Actor.js:154:37\nonPacket@resource://devtools/server/debugger-server-connection.js:380:58\nreceiveMessage@resource://devtools/shared/transport/child-transport.js:66:16\n"
JavaScript error: resource://devtools/server/actors/inspector/walker.js, line 527: TypeError: this._refMap is null
[Child 3881, MediaDecoderStateMachine #4] WARNING: Decoder=7f81125dcc00 state=DECODING_METADATA Decode metadata failed, shutting down decoder: file /build/firefox-LE_x6q/firefox-74.0+build3/dom/media/MediaDecoderStateMachine.cpp, line 359
[Child 3881, MediaDecoderStateMachine #4] WARNING: Decoder=7f81125dcc00 Decode error: NS_ERROR_DOM_MEDIA_METADATA_ERR (0x806e0006) - static MP4Metadata::ResultAndByteBuffer mozilla::MP4Metadata::Metadata(mozilla::ByteStream *): Cannot parse metadata: file /build/firefox-LE_x6q/firefox-74.0+build3/dom/media/MediaDecoderStateMachine.cpp, line 3358
[Child 3881, MediaDecoderStateMachine #4] WARNING: Decoder=7f8116578c00 state=DECODING_METADATA Decode metadata failed, shutting down decoder: file /build/firefox-LE_x6q/firefox-74.0+build3/dom/media/MediaDecoderStateMachine.cpp, line 359
[Child 3881, MediaDecoderStateMachine #4] WARNING: Decoder=7f8116578c00 Decode error: NS_ERROR_DOM_MEDIA_METADATA_ERR (0x806e0006) - static MP4Metadata::ResultAndByteBuffer mozilla::MP4Metadata::Metadata(mozilla::ByteStream *): Cannot parse metadata: file /build/firefox-LE_x6q/firefox-74.0+build3/dom/media/MediaDecoderStateMachine.cpp, line 3358
JavaScript warning: http://vidstat.taboola.com/vpaid/units/27_4_23/infra/cmTagFEED_MANAGER.js, line 2: Error: Script terminated by timeout at:
t@http://vidstat.taboola.com/vpaid/units/27_4_23/infra/cmTagFEED_MANAGER.js:2:6884
O/<@http://vidstat.taboola.com/vpaid/units/27_4_23/infra/cmTagFEED_MANAGER.js:2:6999
i@http://vidstat.taboola.com/vpaid/units/27_4_23/infra/cmTagFEED_MANAGER.js:14:16788
set@http://vidstat.taboola.com/vpaid/units/27_4_23/infra/cmTagFEED_MANAGER.js:14:19951
value@http://vidstat.taboola.com/vpaid/units/27_4_23/infra/cmTagFEED_MANAGER.js:11:12136
u@http://vidstat.taboola.com/vpaid/units/27_4_23/infra/cmTagFEED_MANAGER.js:3:18377
trigger@http://vidstat.taboola.com/vpaid/units/27_4_23/infra/cmTagFEED_MANAGER.js:3:17629
value@http://vidstat.taboola.com/vpaid/units/27_4_23/infra/cmTagFEED_MANAGER.js:14:24576
value@http://vidstat.taboola.com/vpaid/units/27_4_23/infra/cmTagFEED_MANAGER.js:14:24412

JavaScript warning: http://vidstat.taboola.com/vpaid/units/27_4_23/infra/cmTagFEED_MANAGER.js, line 2: Error: Script terminated by timeout at:
t@http://vidstat.taboola.com/vpaid/units/27_4_23/infra/cmTagFEED_MANAGER.js:2:6884
O/<@http://vidstat.taboola.com/vpaid/units/27_4_23/infra/cmTagFEED_MANAGER.js:2:6999
i@http://vidstat.taboola.com/vpaid/units/27_4_23/infra/cmTagFEED_MANAGER.js:14:16788
t@http://vidstat.taboola.com/vpaid/units/27_4_23/infra/cmTagFEED_MANAGER.js:14:16778
t@http://vidstat.taboola.com/vpaid/units/27_4_23/infra/cmTagFEED_MANAGER.js:2:6917
O/<@http://vidstat.taboola.com/vpaid/units/27_4_23/infra/cmTagFEED_MANAGER.js:2:6999
i@http://vidstat.taboola.com/vpaid/units/27_4_23/infra/cmTagFEED_MANAGER.js:14:16788
t@http://vidstat.taboola.com/vpaid/units/27_4_23/infra/cmTagFEED_MANAGER.js:14:16778
t@http://vidstat.taboola.com/vpaid/units/27_4_23/infra/cmTagFEED_MANAGER.js:2:6917
O/<@http://vidstat.taboola.com/vpaid/units/27_4_23/infra/cmTagFEED_MANAGER.js:2:6999
i@http://vidstat.taboola.com/vpaid/units/27_4_23/infra/cmTagFEED_MANAGER.js:14:16788
t@http://vidstat.taboola.com/vpaid/units/27_4_23/infra/cmTagFEED_MANAGER.js:14:16778
t@http://vidstat.taboola.com/vpaid/units/27_4_23/infra/cmTagFEED_MANAGER.js:2:6917
O/<@http://vidstat.taboola.com/vpaid/units/27_4_23/infra/cmTagFEED_MANAGER.js:2:6999
i@http://vidstat.taboola.com/vpaid/units/27_4_23/infra/cmTagFEED_MANAGER.js:14:16788
set@http://vidstat.taboola.com/vpaid/units/27_4_23/infra/cmTagFEED_MANAGER.js:14:19951
value@http://vidstat.taboola.com/vpaid/units/27_4_23/infra/cmTagFEED_MANAGER.js:11:12136
u@http://vidstat.taboola.com/vpaid/units/27_4_23/infra/cmTagFEED_MANAGER.js:3:18377
trigger@http://vidstat.taboola.com/vpaid/units/27_4_23/infra/cmTagFEED_MANAGER.js:3:17629
value@http://vidstat.taboola.com/vpaid/units/27_4_23/infra/cmTagFEED_MANAGER.js:14:24576
value@http://vidstat.taboola.com/vpaid/units/27_4_23/infra/cmTagFEED_MANAGER.js:14:24412

SourceActor threw an exception: [Exception... "Component returned failure code: 0x80470002 (NS_BASE_STREAM_CLOSED) [nsIInputStream.available]"  nsresult: "0x80470002 (NS_BASE_STREAM_CLOSED)"  location: "JS frame :: resource://devtools/shared/DevToolsUtils.js :: onResponse :: line 579"  data: no]
Stack: onResponse@resource://devtools/shared/DevToolsUtils.js:579:34
onStopRequest@resource://gre/modules/NetUtil.jsm:128:18
Line: 579, column: 0
console.error: ({})
JavaScript error: resource://devtools/shared/DevToolsUtils.js, line 579: NS_BASE_STREAM_CLOSED: Component returned failure code: 0x80470002 (NS_BASE_STREAM_CLOSED) [nsIInputStream.available]
SourceActor threw an exception: [Exception... "Component returned failure code: 0x80470002 (NS_BASE_STREAM_CLOSED) [nsIInputStream.available]"  nsresult: "0x80470002 (NS_BASE_STREAM_CLOSED)"  location: "JS frame :: resource://devtools/shared/DevToolsUtils.js :: onResponse :: line 579"  data: no]
Stack: onResponse@resource://devtools/shared/DevToolsUtils.js:579:34
onStopRequest@resource://gre/modules/NetUtil.jsm:128:18
Line: 579, column: 0
console.error: ({})
JavaScript error: resource://devtools/shared/DevToolsUtils.js, line 579: NS_BASE_STREAM_CLOSED: Component returned failure code: 0x80470002 (NS_BASE_STREAM_CLOSED) [nsIInputStream.available]
JavaScript warning: http://vidstat.taboola.com/vpaid/units/27_4_23/infra/cmTagFEED_MANAGER.js, line 14: Error: Script terminated by timeout at:
i@http://vidstat.taboola.com/vpaid/units/27_4_23/infra/cmTagFEED_MANAGER.js:14:16565
t@http://vidstat.taboola.com/vpaid/units/27_4_23/infra/cmTagFEED_MANAGER.js:14:16778
t@http://vidstat.taboola.com/vpaid/units/27_4_23/infra/cmTagFEED_MANAGER.js:2:6917
O/<@http://vidstat.taboola.com/vpaid/units/27_4_23/infra/cmTagFEED_MANAGER.js:2:6999
i@http://vidstat.taboola.com/vpaid/units/27_4_23/infra/cmTagFEED_MANAGER.js:14:16788
t@http://vidstat.taboola.com/vpaid/units/27_4_23/infra/cmTagFEED_MANAGER.js:14:16778
t@http://vidstat.taboola.com/vpaid/units/27_4_23/infra/cmTagFEED_MANAGER.js:2:6917
O/<@http://vidstat.taboola.com/vpaid/units/27_4_23/infra/cmTagFEED_MANAGER.js:2:6999
i@http://vidstat.taboola.com/vpaid/units/27_4_23/infra/cmTagFEED_MANAGER.js:14:16788
set@http://vidstat.taboola.com/vpaid/units/27_4_23/infra/cmTagFEED_MANAGER.js:14:19951
value@http://vidstat.taboola.com/vpaid/units/27_4_23/infra/cmTagFEED_MANAGER.js:11:12136
u@http://vidstat.taboola.com/vpaid/units/27_4_23/infra/cmTagFEED_MANAGER.js:3:18377
trigger@http://vidstat.taboola.com/vpaid/units/27_4_23/infra/cmTagFEED_MANAGER.js:3:17629
value@http://vidstat.taboola.com/vpaid/units/27_4_23/infra/cmTagFEED_MANAGER.js:14:24576
value@http://vidstat.taboola.com/vpaid/units/27_4_23/infra/cmTagFEED_MANAGER.js:14:24412

IPDL protocol error: Handler returned error code!

###!!! [Parent][DispatchAsyncMessage] Error: PLayerTransaction::Msg_ReleaseLayer Processing error: message was deserialized, but the handler returned false (indicating failure)

IPDL protocol error: Handler returned error code!

###!!! [Parent][DispatchAsyncMessage] Error: PLayerTransaction::Msg_ReleaseLayer Processing error: message was deserialized, but the handler returned false (indicating failure)

IPDL protocol error: Handler returned error code!

###!!! [Parent][DispatchAsyncMessage] Error: PLayerTransaction::Msg_ReleaseLayer Processing error: message was deserialized, but the handler returned false (indicating failure)

JavaScript error: , line 0: UnknownError: The operation failed for reasons unrelated to the database itself and not covered by any other error code.
1587204027159	Marionette	INFO	Stopped listening on port 34713
1587204034166	mozrunner::runner	INFO	Running command: "/usr/bin/firefox" "-marionette" "-foreground" "-no-remote" "-profile" "/tmp/rust_mozprofilenAlytK"
1587204034651	addons.webextension.doh-rollout@mozilla.org	WARN	Loading extension 'doh-rollout@mozilla.org': Reading manifest: Invalid extension permission: networkStatus
1587204035531	addons.webextension.screenshots@mozilla.org	WARN	Loading extension 'screenshots@mozilla.org': Reading manifest: Invalid extension permission: mozillaAddons
1587204035531	addons.webextension.screenshots@mozilla.org	WARN	Loading extension 'screenshots@mozilla.org': Reading manifest: Invalid extension permission: telemetry
1587204035531	addons.webextension.screenshots@mozilla.org	WARN	Loading extension 'screenshots@mozilla.org': Reading manifest: Invalid extension permission: resource://pdf.js/
1587204035531	addons.webextension.screenshots@mozilla.org	WARN	Loading extension 'screenshots@mozilla.org': Reading manifest: Invalid extension permission: about:reader*
1587204037330	Marionette	INFO	Listening on port 34904
1587204037375	Marionette	WARN	TLS certificate errors will be ignored for this session
1587204190287	Marionette	INFO	Stopped listening on port 34904
1587204193076	mozrunner::runner	INFO	Running command: "/usr/bin/firefox" "-marionette" "-foreground" "-no-remote" "-profile" "/tmp/rust_mozprofilek5lYyL"
1587204193577	addons.webextension.doh-rollout@mozilla.org	WARN	Loading extension 'doh-rollout@mozilla.org': Reading manifest: Invalid extension permission: networkStatus
1587204194452	addons.webextension.screenshots@mozilla.org	WARN	Loading extension 'screenshots@mozilla.org': Reading manifest: Invalid extension permission: mozillaAddons
1587204194452	addons.webextension.screenshots@mozilla.org	WARN	Loading extension 'screenshots@mozilla.org': Reading manifest: Invalid extension permission: telemetry
1587204194452	addons.webextension.screenshots@mozilla.org	WARN	Loading extension 'screenshots@mozilla.org': Reading manifest: Invalid extension permission: resource://pdf.js/
1587204194452	addons.webextension.screenshots@mozilla.org	WARN	Loading extension 'screenshots@mozilla.org': Reading manifest: Invalid extension permission: about:reader*
1587204196209	Marionette	INFO	Listening on port 36637
1587204196293	Marionette	WARN	TLS certificate errors will be ignored for this session
JavaScript error: , line 0: uncaught exception: undefined
JavaScript error: resource://gre/modules/Finder.jsm, line 667: NS_ERROR_NOT_AVAILABLE: Component returned failure code: 0x80040111 (NS_ERROR_NOT_AVAILABLE) [nsIDocShell.domWindow]
IPDL protocol error: Handler returned error code!

###!!! [Parent][DispatchAsyncMessage] Error: PLayerTransaction::Msg_ReleaseLayer Processing error: message was deserialized, but the handler returned false (indicating failure)

IPDL protocol error: Handler returned error code!

###!!! [Parent][DispatchAsyncMessage] Error: PLayerTransaction::Msg_ReleaseLayer Processing error: message was deserialized, but the handler returned false (indicating failure)

IPDL protocol error: Handler returned error code!

###!!! [Parent][DispatchAsyncMessage] Error: PLayerTransaction::Msg_ReleaseLayer Processing error: message was deserialized, but the handler returned false (indicating failure)

JavaScript error: , line 0: UnknownError: The operation failed for reasons unrelated to the database itself and not covered by any other error code.
1587204419473	Marionette	INFO	Stopped listening on port 36637
1587204423322	mozrunner::runner	INFO	Running command: "/usr/bin/firefox" "-marionette" "-foreground" "-no-remote" "-profile" "/tmp/rust_mozprofilee12E6Q"
1587204423799	addons.webextension.doh-rollout@mozilla.org	WARN	Loading extension 'doh-rollout@mozilla.org': Reading manifest: Invalid extension permission: networkStatus
1587204424611	addons.webextension.screenshots@mozilla.org	WARN	Loading extension 'screenshots@mozilla.org': Reading manifest: Invalid extension permission: mozillaAddons
1587204424611	addons.webextension.screenshots@mozilla.org	WARN	Loading extension 'screenshots@mozilla.org': Reading manifest: Invalid extension permission: telemetry
1587204424611	addons.webextension.screenshots@mozilla.org	WARN	Loading extension 'screenshots@mozilla.org': Reading manifest: Invalid extension permission: resource://pdf.js/
1587204424611	addons.webextension.screenshots@mozilla.org	WARN	Loading extension 'screenshots@mozilla.org': Reading manifest: Invalid extension permission: about:reader*
1587204426100	Marionette	INFO	Listening on port 33272
1587204426166	Marionette	WARN	TLS certificate errors will be ignored for this session
JavaScript error: , line 0: uncaught exception: undefined

###!!! [Child][RunMessage] Error: Channel closing: too late to send/recv, messages will be lost

Exiting due to channel error.
1587204532478	mozrunner::runner	INFO	Running command: "/usr/bin/firefox" "-marionette" "-foreground" "-no-remote" "-profile" "/tmp/rust_mozprofile4oguQq"
1587204532921	addons.webextension.doh-rollout@mozilla.org	WARN	Loading extension 'doh-rollout@mozilla.org': Reading manifest: Invalid extension permission: networkStatus
1587204533763	addons.webextension.screenshots@mozilla.org	WARN	Loading extension 'screenshots@mozilla.org': Reading manifest: Invalid extension permission: mozillaAddons
1587204533763	addons.webextension.screenshots@mozilla.org	WARN	Loading extension 'screenshots@mozilla.org': Reading manifest: Invalid extension permission: telemetry
1587204533763	addons.webextension.screenshots@mozilla.org	WARN	Loading extension 'screenshots@mozilla.org': Reading manifest: Invalid extension permission: resource://pdf.js/
1587204533763	addons.webextension.screenshots@mozilla.org	WARN	Loading extension 'screenshots@mozilla.org': Reading manifest: Invalid extension permission: about:reader*
1587204535240	Marionette	INFO	Listening on port 36029
1587204535297	Marionette	WARN	TLS certificate errors will be ignored for this session
JavaScript error: https://tpc.googlesyndication.com/pagead/js/r20200413/r20110914/client/qs_click_protection_fy2019.js, line 25: NS_ERROR_NOT_INITIALIZED: 
JavaScript error: , line 0: uncaught exception: undefined
JavaScript error: , line 0: uncaught exception: 7
JavaScript error: , line 0: uncaught exception: 7
JavaScript error: https://eus.rubiconproject.com/usync.html?&geo=as&co=au, line 12: SecurityError: The operation is insecure.
JavaScript error: https://cdn.ampproject.org/rtv/012003262059300/v0/amp-analytics-0.1.js, line 110: NS_ERROR_NOT_INITIALIZED: 
JavaScript error: https://cdn.ampproject.org/rtv/012003262059300/v0/amp-analytics-0.1.js, line 110: NS_ERROR_NOT_INITIALIZED: 
JavaScript error: , line 0: uncaught exception: undefined
JavaScript error: https://tpc.googlesyndication.com/pagead/js/r20200413/r20110914/client/qs_click_protection_fy2019.js, line 25: NS_ERROR_NOT_INITIALIZED: 
JavaScript error: , line 0: uncaught exception: undefined
JavaScript error: https://tpc.googlesyndication.com/pagead/js/r20200413/r20110914/client/qs_click_protection_fy2019.js, line 25: NS_ERROR_NOT_INITIALIZED: 
JavaScript error: https://eus.rubiconproject.com/usync.html?&geo=as&co=au, line 12: SecurityError: The operation is insecure.
JavaScript error: https://eus.rubiconproject.com/usync.html?&geo=as&co=au, line 12: SecurityError: The operation is insecure.
JavaScript error: , line 0: UnknownError: The operation failed for reasons unrelated to the database itself and not covered by any other error code.
1587207706578	Marionette	INFO	Stopped listening on port 36029
